\BOOKMARK [1][-]{Doc-Start}{Terminologia, Defini\347\365es e Abrevia\347\365es}{}% 1
\BOOKMARK [1][-]{section.1}{Introdu\347\343o}{}% 2
\BOOKMARK [2][-]{subsection.1.1}{Objetivo}{section.1}% 3
\BOOKMARK [3][-]{subsubsection.1.1.1}{Plataforma Desktop}{subsection.1.1}% 4
\BOOKMARK [3][-]{subsubsection.1.1.2}{Plataforma Web}{subsection.1.1}% 5
\BOOKMARK [3][-]{subsubsection.1.1.3}{Plataforma Mobile}{subsection.1.1}% 6
\BOOKMARK [2][-]{subsection.1.2}{Justificativa}{section.1}% 7
\BOOKMARK [3][-]{subsubsection.1.2.1}{Plataforma Desktop}{subsection.1.2}% 8
\BOOKMARK [3][-]{subsubsection.1.2.2}{Plataforma Web}{subsection.1.2}% 9
\BOOKMARK [3][-]{subsubsection.1.2.3}{Plataforma Mobile}{subsection.1.2}% 10
\BOOKMARK [1][-]{section.2}{Revis\343o de Bibliogr\341fica}{}% 11
\BOOKMARK [2][-]{subsection.2.1}{Sistema de Informa\347\343o}{section.2}% 12
\BOOKMARK [3][-]{subsubsection.2.1.1}{Sistema Transacional}{subsection.2.1}% 13
\BOOKMARK [2][-]{subsection.2.2}{An\341lise de Requisitos}{section.2}% 14
\BOOKMARK [3][-]{subsubsection.2.2.1}{Requisitos Funcionais}{subsection.2.2}% 15
\BOOKMARK [3][-]{subsubsection.2.2.2}{Requisitos N\343o Funcionais}{subsection.2.2}% 16
\BOOKMARK [3][-]{subsubsection.2.2.3}{Regras de Neg\363cio}{subsection.2.2}% 17
\BOOKMARK [2][-]{subsection.2.3}{Portais web}{section.2}% 18
\BOOKMARK [3][-]{subsubsection.2.3.1}{Portais de informa\347\343o}{subsection.2.3}% 19
\BOOKMARK [3][-]{subsubsection.2.3.2}{Sites Institucionais}{subsection.2.3}% 20
\BOOKMARK [3][-]{subsubsection.2.3.3}{Portais Web}{subsection.2.3}% 21
\BOOKMARK [3][-]{subsubsection.2.3.4}{Neg\363cio eletr\364nico}{subsection.2.3}% 22
\BOOKMARK [2][-]{subsection.2.4}{Aplicativos Mobile}{section.2}% 23
\BOOKMARK [3][-]{subsubsection.2.4.1}{Vantagens dos dispositivos mobile}{subsection.2.4}% 24
\BOOKMARK [3][-]{subsubsection.2.4.2}{Desvantagem dos dispositivos mobile}{subsection.2.4}% 25
\BOOKMARK [3][-]{subsubsection.2.4.3}{Nativo}{subsection.2.4}% 26
\BOOKMARK [3][-]{subsubsection.2.4.4}{H\355bridos}{subsection.2.4}% 27
\BOOKMARK [1][-]{section.3}{Cen\341rios}{}% 28
\BOOKMARK [2][-]{subsection.3.1}{Console}{section.3}% 29
\BOOKMARK [3][-]{subsubsection.3.1.1}{Estudo de caso - Totvs Protheus}{subsection.3.1}% 30
\BOOKMARK [3][-]{subsubsection.3.1.2}{Estudo de caso - Agenda Google}{subsection.3.1}% 31
\BOOKMARK [3][-]{subsubsection.3.1.3}{Estudo de caso - Informa\347\365es em massa}{subsection.3.1}% 32
\BOOKMARK [2][-]{subsection.3.2}{Plataforma Web}{section.3}% 33
\BOOKMARK [3][-]{subsubsection.3.2.1}{Estudo de Caso - LinkedIn}{subsection.3.2}% 34
\BOOKMARK [3][-]{subsubsection.3.2.2}{Estudo de Caso - Catho}{subsection.3.2}% 35
\BOOKMARK [3][-]{subsubsection.3.2.3}{Estudo de Caso \205 GetNinjas}{subsection.3.2}% 36
\BOOKMARK [2][-]{subsection.3.3}{Mobile}{section.3}% 37
\BOOKMARK [3][-]{subsubsection.3.3.1}{Estudo de caso - LinkedIn}{subsection.3.3}% 38
\BOOKMARK [3][-]{subsubsection.3.3.2}{Estudo de Caso \205 Catho}{subsection.3.3}% 39
\BOOKMARK [3][-]{subsubsection.3.3.3}{Estudo de Caso \205 GetNinjas}{subsection.3.3}% 40
