This is pdfTeX, Version 3.14159265-2.6-1.40.20 (MiKTeX 2.9.7000 64-bit) (preloaded format=pdflatex 2019.4.2)  28 APR 2019 09:42
entering extended mode
**./PIM-Toten-Sem-1.tex
(PIM-Toten-Sem-1.tex
LaTeX2e <2018-12-01>

("C:\Users\mfsilva\AppData\Local\Programs\MiKTeX 2.9\tex/latex/extsizes\extarti
cle.cls"
Document Class: extarticle 1996/10/08 v1.0 Non Standard LaTeX document class
("C:\Users\mfsilva\AppData\Local\Programs\MiKTeX 2.9\tex/latex/base\size12.clo"
File: size12.clo 2018/09/03 v1.4i Standard LaTeX file (size option)
)
("C:\Users\mfsilva\AppData\Local\Programs\MiKTeX 2.9\tex/latex/base\exscale.sty
"
Package: exscale 2018/09/24 v2.1i Standard LaTeX package exscale
LaTeX Font Info:    Redeclaring symbol font `largesymbols' on input line 57.
LaTeX Font Info:    Overwriting symbol font `largesymbols' in version `normal'
(Font)                  OMX/cmex/m/n --> OMX/cmex/m/n on input line 57.
LaTeX Font Info:    Overwriting symbol font `largesymbols' in version `bold'
(Font)                  OMX/cmex/m/n --> OMX/cmex/m/n on input line 57.
\big@size=\dimen102
)
\c@part=\count80
\c@section=\count81
\c@subsection=\count82
\c@subsubsection=\count83
\c@paragraph=\count84
\c@subparagraph=\count85
\c@figure=\count86
\c@table=\count87
\abovecaptionskip=\skip41
\belowcaptionskip=\skip42
\bibindent=\dimen103
)
\@input{unipStyle.aux}
\openout2 = `unipStyle.aux'.

(unipStyle.tex
("C:\Users\mfsilva\AppData\Local\Programs\MiKTeX 2.9\tex/generic/babel\babel.st
y"
Package: babel 2018/11/13 3.27 The Babel package

("C:\Users\mfsilva\AppData\Local\Programs\MiKTeX 2.9\tex/generic/babel\switch.d
ef"
File: switch.def 2018/11/13 3.27 Babel switching mechanism
)
*************************************
* Local config file bblopts.cfg used
*

("C:\Users\mfsilva\AppData\Local\Programs\MiKTeX 2.9\tex/latex/arabi\bblopts.cf
g"
File: bblopts.cfg 2005/09/08 v0.1 add Arabic and Farsi to "declared" options of
 babel
)
("C:\Users\mfsilva\AppData\Local\Programs\MiKTeX 2.9\tex/latex/babel-english\en
glish.ldf"
Language: english 2017/06/06 v3.3r English support from the babel system

("C:\Users\mfsilva\AppData\Local\Programs\MiKTeX 2.9\tex/generic/babel\babel.de
f"
File: babel.def 2018/11/13 3.27 Babel common definitions
\babel@savecnt=\count88
\U@D=\dimen104

("C:\Users\mfsilva\AppData\Local\Programs\MiKTeX 2.9\tex/generic/babel\txtbabel
.def")
\bbl@dirlevel=\count89
)
\l@canadian = a dialect from \language\l@american 
\l@australian = a dialect from \language\l@british 
\l@newzealand = a dialect from \language\l@british 
)
("C:\Users\mfsilva\AppData\Local\Programs\MiKTeX 2.9\tex/latex/babel-portuges\p
ortuges.ldf"
Language: portuges 2008/03/18 v1.2q Portuguese support from the babel system
Package babel Info: Making " an active character on input line 145.
))
("C:\Users\mfsilva\AppData\Local\Programs\MiKTeX 2.9\tex/latex/babelbib\babelbi
b.sty"
Package: babelbib 2019/03/11 v1.32 babelbib: multilingual bibliographies (HH)
\c@btxromaniannumeral=\count90
)
("C:\Users\mfsilva\AppData\Local\Programs\MiKTeX 2.9\tex/latex/natbib\natbib.st
y"
Package: natbib 2010/09/13 8.31b (PWD, AO)
\bibhang=\skip43
\bibsep=\skip44
LaTeX Info: Redefining \cite on input line 694.
\c@NAT@ctr=\count91
)
("C:\Users\mfsilva\AppData\Local\Programs\MiKTeX 2.9\tex/latex/base\fontenc.sty
"
Package: fontenc 2018/08/11 v2.0j Standard LaTeX package
 ("C:\Users\mfsilva\AppData\Local\Programs\MiKTeX 2.9\tex/latex/base\t1enc.def"
File: t1enc.def 2018/08/11 v2.0j Standard LaTeX file
LaTeX Font Info:    Redeclaring font encoding T1 on input line 48.
))
("C:\Users\mfsilva\AppData\Local\Programs\MiKTeX 2.9\tex/latex/arial\uarial.sty
"
Package: uarial 2006/03/21 1.0 (WaS)

("C:\Users\mfsilva\AppData\Local\Programs\MiKTeX 2.9\tex/latex/graphics\keyval.
sty"
Package: keyval 2014/10/28 v1.15 key=value parser (DPC)
\KV@toks@=\toks14
))
("C:\Users\mfsilva\AppData\Local\Programs\MiKTeX 2.9\tex/latex/base\inputenc.st
y"
Package: inputenc 2018/08/11 v1.3c Input encoding file
\inpenc@prehook=\toks15
\inpenc@posthook=\toks16
)
("C:\Users\mfsilva\AppData\Local\Programs\MiKTeX 2.9\tex/latex/inslrmin\inslrmi
n.sty"
Package: inslrmin 2002/12/30 v1.0 package for Insular Minuscule fonts
)
("C:\Users\mfsilva\AppData\Local\Programs\MiKTeX 2.9\tex/latex/marvosym\marvosy
m.sty"
Package: marvosym 2011/07/20 v2.2 Martin Vogel's Symbols font definitions
)
("C:\Users\mfsilva\AppData\Local\Programs\MiKTeX 2.9\tex/latex/graphics\graphic
x.sty"
Package: graphicx 2017/06/01 v1.1a Enhanced LaTeX Graphics (DPC,SPQR)

("C:\Users\mfsilva\AppData\Local\Programs\MiKTeX 2.9\tex/latex/graphics\graphic
s.sty"
Package: graphics 2017/06/25 v1.2c Standard LaTeX Graphics (DPC,SPQR)

("C:\Users\mfsilva\AppData\Local\Programs\MiKTeX 2.9\tex/latex/graphics\trig.st
y"
Package: trig 2016/01/03 v1.10 sin cos tan (DPC)
)
("C:\Users\mfsilva\AppData\Local\Programs\MiKTeX 2.9\tex/latex/graphics-cfg\gra
phics.cfg"
File: graphics.cfg 2016/06/04 v1.11 sample graphics configuration
)
Package graphics Info: Driver file: pdftex.def on input line 99.

("C:\Users\mfsilva\AppData\Local\Programs\MiKTeX 2.9\tex/latex/graphics-def\pdf
tex.def"
File: pdftex.def 2018/01/08 v1.0l Graphics/color driver for pdftex
))
\Gin@req@height=\dimen105
\Gin@req@width=\dimen106
)
("C:\Users\mfsilva\AppData\Local\Programs\MiKTeX 2.9\tex/latex/pdfpages\pdfpage
s.sty"
Package: pdfpages 2017/10/31 v0.5l Insert pages of external PDF documents (AM)

("C:\Users\mfsilva\AppData\Local\Programs\MiKTeX 2.9\tex/latex/base\ifthen.sty"
Package: ifthen 2014/09/29 v1.1c Standard LaTeX ifthen package (DPC)
) ("C:\Users\mfsilva\AppData\Local\Programs\MiKTeX 2.9\tex/latex/tools\calc.sty
"
Package: calc 2017/05/25 v4.3 Infix arithmetic (KKT,FJ)
\calc@Acount=\count92
\calc@Bcount=\count93
\calc@Adimen=\dimen107
\calc@Bdimen=\dimen108
\calc@Askip=\skip45
\calc@Bskip=\skip46
LaTeX Info: Redefining \setlength on input line 80.
LaTeX Info: Redefining \addtolength on input line 81.
\calc@Ccount=\count94
\calc@Cskip=\skip47
)
("C:\Users\mfsilva\AppData\Local\Programs\MiKTeX 2.9\tex/latex/eso-pic\eso-pic.
sty"
Package: eso-pic 2018/04/12 v2.0h eso-pic (RN)

("C:\Users\mfsilva\AppData\Local\Programs\MiKTeX 2.9\tex/generic/oberdiek\atbeg
shi.sty"
Package: atbegshi 2016/06/09 v1.18 At begin shipout hook (HO)

("C:\Users\mfsilva\AppData\Local\Programs\MiKTeX 2.9\tex/generic/oberdiek\infwa
rerr.sty"
Package: infwarerr 2016/05/16 v1.4 Providing info/warning/error messages (HO)
)
("C:\Users\mfsilva\AppData\Local\Programs\MiKTeX 2.9\tex/generic/oberdiek\ltxcm
ds.sty"
Package: ltxcmds 2016/05/16 v1.23 LaTeX kernel commands for general use (HO)
)
("C:\Users\mfsilva\AppData\Local\Programs\MiKTeX 2.9\tex/generic/oberdiek\ifpdf
.sty"
Package: ifpdf 2018/09/07 v3.3 Provides the ifpdf switch
))
("C:\Users\mfsilva\AppData\Local\Programs\MiKTeX 2.9\tex/latex/xcolor\xcolor.st
y"
Package: xcolor 2016/05/11 v2.12 LaTeX color extensions (UK)

("C:\Users\mfsilva\AppData\Local\Programs\MiKTeX 2.9\tex/latex/graphics-cfg\col
or.cfg"
File: color.cfg 2016/01/02 v1.6 sample color configuration
)
Package xcolor Info: Driver file: pdftex.def on input line 225.
Package xcolor Info: Model `cmy' substituted by `cmy0' on input line 1348.
Package xcolor Info: Model `hsb' substituted by `rgb' on input line 1352.
Package xcolor Info: Model `RGB' extended on input line 1364.
Package xcolor Info: Model `HTML' substituted by `rgb' on input line 1366.
Package xcolor Info: Model `Hsb' substituted by `hsb' on input line 1367.
Package xcolor Info: Model `tHsb' substituted by `hsb' on input line 1368.
Package xcolor Info: Model `HSB' substituted by `hsb' on input line 1369.
Package xcolor Info: Model `Gray' substituted by `gray' on input line 1370.
Package xcolor Info: Model `wave' substituted by `hsb' on input line 1371.
))
\AM@pagewidth=\dimen109
\AM@pageheight=\dimen110

("C:\Users\mfsilva\AppData\Local\Programs\MiKTeX 2.9\tex/latex/pdfpages\pppdfte
x.def"
File: pppdftex.def 2017/10/31 v0.5l Pdfpages driver for pdfTeX (AM)
)
\AM@pagebox=\box27
\AM@global@opts=\toks17
\AM@toc@title=\toks18
\c@AM@survey=\count95
\AM@templatesizebox=\box28
)
("C:\Users\mfsilva\AppData\Local\Programs\MiKTeX 2.9\tex/latex/graphics\rotatin
g.sty"
Package: rotating 2016/08/11 v2.16d rotated objects in LaTeX
\c@r@tfl@t=\count96
\rotFPtop=\skip48
\rotFPbot=\skip49
\rot@float@box=\box29
\rot@mess@toks=\toks19
)
("C:\Users\mfsilva\AppData\Local\Programs\MiKTeX 2.9\tex/latex/booktabs\booktab
s.sty"
Package: booktabs 2005/04/14 v1.61803 publication quality tables
\heavyrulewidth=\dimen111
\lightrulewidth=\dimen112
\cmidrulewidth=\dimen113
\belowrulesep=\dimen114
\belowbottomsep=\dimen115
\aboverulesep=\dimen116
\abovetopsep=\dimen117
\cmidrulesep=\dimen118
\cmidrulekern=\dimen119
\defaultaddspace=\dimen120
\@cmidla=\count97
\@cmidlb=\count98
\@aboverulesep=\dimen121
\@belowrulesep=\dimen122
\@thisruleclass=\count99
\@lastruleclass=\count100
\@thisrulewidth=\dimen123
)
("C:\Users\mfsilva\AppData\Local\Programs\MiKTeX 2.9\tex/latex/url\url.sty"
\Urlmuskip=\muskip10
Package: url 2013/09/16  ver 3.4  Verb mode for urls, etc.
)
("C:\Users\mfsilva\AppData\Local\Programs\MiKTeX 2.9\tex/latex/amsfonts\amssymb
.sty"
Package: amssymb 2013/01/14 v3.01 AMS font symbols

("C:\Users\mfsilva\AppData\Local\Programs\MiKTeX 2.9\tex/latex/amsfonts\amsfont
s.sty"
Package: amsfonts 2013/01/14 v3.01 Basic AMSFonts support
\@emptytoks=\toks20
\symAMSa=\mathgroup4
\symAMSb=\mathgroup5
LaTeX Font Info:    Overwriting math alphabet `\mathfrak' in version `bold'
(Font)                  U/euf/m/n --> U/euf/b/n on input line 106.
))
("C:\Users\mfsilva\AppData\Local\Programs\MiKTeX 2.9\tex/latex/amsmath\amsmath.
sty"
Package: amsmath 2018/12/01 v2.17b AMS math features
\@mathmargin=\skip50

For additional information on amsmath, use the `?' option.

("C:\Users\mfsilva\AppData\Local\Programs\MiKTeX 2.9\tex/latex/amsmath\amstext.
sty"
Package: amstext 2000/06/29 v2.01 AMS text

("C:\Users\mfsilva\AppData\Local\Programs\MiKTeX 2.9\tex/latex/amsmath\amsgen.s
ty"
File: amsgen.sty 1999/11/30 v2.0 generic functions
\@emptytoks=\toks21
\ex@=\dimen124
))
("C:\Users\mfsilva\AppData\Local\Programs\MiKTeX 2.9\tex/latex/amsmath\amsbsy.s
ty"
Package: amsbsy 1999/11/29 v1.2d Bold Symbols
\pmbraise@=\dimen125
)
("C:\Users\mfsilva\AppData\Local\Programs\MiKTeX 2.9\tex/latex/amsmath\amsopn.s
ty"
Package: amsopn 2016/03/08 v2.02 operator names
)
\inf@bad=\count101
LaTeX Info: Redefining \frac on input line 223.
\uproot@=\count102
\leftroot@=\count103
LaTeX Info: Redefining \overline on input line 385.
\classnum@=\count104
\DOTSCASE@=\count105
LaTeX Info: Redefining \ldots on input line 482.
LaTeX Info: Redefining \dots on input line 485.
LaTeX Info: Redefining \cdots on input line 606.
\Mathstrutbox@=\box30
\strutbox@=\box31
\big@size=\dimen126
LaTeX Font Info:    Redeclaring font encoding OML on input line 729.
LaTeX Font Info:    Redeclaring font encoding OMS on input line 730.
\macc@depth=\count106
\c@MaxMatrixCols=\count107
\dotsspace@=\muskip11
\c@parentequation=\count108
\dspbrk@lvl=\count109
\tag@help=\toks22
\row@=\count110
\column@=\count111
\maxfields@=\count112
\andhelp@=\toks23
\eqnshift@=\dimen127
\alignsep@=\dimen128
\tagshift@=\dimen129
\tagwidth@=\dimen130
\totwidth@=\dimen131
\lineht@=\dimen132
\@envbody=\toks24
\multlinegap=\skip51
\multlinetaggap=\skip52
\mathdisplay@stack=\toks25
LaTeX Info: Redefining \[ on input line 2844.
LaTeX Info: Redefining \] on input line 2845.
)
("C:\Users\mfsilva\AppData\Local\Programs\MiKTeX 2.9\tex/latex/pxfonts\pxfonts.
sty"
Package: pxfonts 2008/01/22 v1.1.1
LaTeX Font Info:    Redeclaring symbol font `operators' on input line 21.
LaTeX Font Info:    Overwriting symbol font `operators' in version `normal'
(Font)                  OT1/cmr/m/n --> OT1/pxr/m/n on input line 21.
LaTeX Font Info:    Overwriting symbol font `operators' in version `bold'
(Font)                  OT1/cmr/bx/n --> OT1/pxr/m/n on input line 21.
LaTeX Font Info:    Overwriting symbol font `operators' in version `bold'
(Font)                  OT1/pxr/m/n --> OT1/pxr/bx/n on input line 22.
\symitalic=\mathgroup6
LaTeX Font Info:    Overwriting symbol font `italic' in version `bold'
(Font)                  OT1/pxr/m/it --> OT1/pxr/bx/it on input line 26.
LaTeX Font Info:    Redeclaring math alphabet \mathbf on input line 29.
LaTeX Font Info:    Overwriting math alphabet `\mathbf' in version `normal'
(Font)                  OT1/cmr/bx/n --> OT1/pxr/bx/n on input line 29.
LaTeX Font Info:    Overwriting math alphabet `\mathbf' in version `bold'
(Font)                  OT1/cmr/bx/n --> OT1/pxr/bx/n on input line 29.
LaTeX Font Info:    Redeclaring math alphabet \mathit on input line 30.
LaTeX Font Info:    Overwriting math alphabet `\mathit' in version `normal'
(Font)                  OT1/cmr/m/it --> OT1/pxr/m/it on input line 30.
LaTeX Font Info:    Overwriting math alphabet `\mathit' in version `bold'
(Font)                  OT1/cmr/bx/it --> OT1/pxr/m/it on input line 30.
LaTeX Font Info:    Overwriting math alphabet `\mathit' in version `bold'
(Font)                  OT1/pxr/m/it --> OT1/pxr/bx/it on input line 31.
LaTeX Font Info:    Redeclaring math alphabet \mathsf on input line 40.
LaTeX Font Info:    Overwriting math alphabet `\mathsf' in version `normal'
(Font)                  OT1/cmss/m/n --> OT1/pxss/m/n on input line 40.
LaTeX Font Info:    Overwriting math alphabet `\mathsf' in version `bold'
(Font)                  OT1/cmss/bx/n --> OT1/pxss/m/n on input line 40.
LaTeX Font Info:    Overwriting math alphabet `\mathsf' in version `bold'
(Font)                  OT1/pxss/m/n --> OT1/pxss/b/n on input line 41.
LaTeX Font Info:    Redeclaring math alphabet \mathtt on input line 50.
LaTeX Font Info:    Overwriting math alphabet `\mathtt' in version `normal'
(Font)                  OT1/cmtt/m/n --> OT1/pxtt/m/n on input line 50.
LaTeX Font Info:    Overwriting math alphabet `\mathtt' in version `bold'
(Font)                  OT1/cmtt/m/n --> OT1/pxtt/m/n on input line 50.
LaTeX Font Info:    Overwriting math alphabet `\mathtt' in version `bold'
(Font)                  OT1/pxtt/m/n --> OT1/pxtt/b/n on input line 51.
LaTeX Font Info:    Redeclaring symbol font `letters' on input line 58.
LaTeX Font Info:    Overwriting symbol font `letters' in version `normal'
(Font)                  OML/cmm/m/it --> OML/pxmi/m/it on input line 58.
LaTeX Font Info:    Overwriting symbol font `letters' in version `bold'
(Font)                  OML/cmm/b/it --> OML/pxmi/m/it on input line 58.
LaTeX Font Info:    Overwriting symbol font `letters' in version `bold'
(Font)                  OML/pxmi/m/it --> OML/pxmi/bx/it on input line 59.
\symlettersA=\mathgroup7
LaTeX Font Info:    Overwriting symbol font `lettersA' in version `bold'
(Font)                  U/pxmia/m/it --> U/pxmia/bx/it on input line 67.
LaTeX Font Info:    Redeclaring math alphabet \mathfrak on input line 70.
LaTeX Font Info:    Redeclaring symbol font `symbols' on input line 77.
LaTeX Font Info:    Overwriting symbol font `symbols' in version `normal'
(Font)                  OMS/cmsy/m/n --> OMS/pxsy/m/n on input line 77.
LaTeX Font Info:    Overwriting symbol font `symbols' in version `bold'
(Font)                  OMS/cmsy/b/n --> OMS/pxsy/m/n on input line 77.
LaTeX Font Info:    Overwriting symbol font `symbols' in version `bold'
(Font)                  OMS/pxsy/m/n --> OMS/pxsy/bx/n on input line 78.
LaTeX Font Info:    Redeclaring symbol font `AMSa' on input line 93.
LaTeX Font Info:    Overwriting symbol font `AMSa' in version `normal'
(Font)                  U/msa/m/n --> U/pxsya/m/n on input line 93.
LaTeX Font Info:    Overwriting symbol font `AMSa' in version `bold'
(Font)                  U/msa/m/n --> U/pxsya/m/n on input line 93.
LaTeX Font Info:    Overwriting symbol font `AMSa' in version `bold'
(Font)                  U/pxsya/m/n --> U/pxsya/bx/n on input line 94.
LaTeX Font Info:    Redeclaring symbol font `AMSb' on input line 102.
LaTeX Font Info:    Overwriting symbol font `AMSb' in version `normal'
(Font)                  U/msb/m/n --> U/pxsyb/m/n on input line 102.
LaTeX Font Info:    Overwriting symbol font `AMSb' in version `bold'
(Font)                  U/msb/m/n --> U/pxsyb/m/n on input line 102.
LaTeX Font Info:    Overwriting symbol font `AMSb' in version `bold'
(Font)                  U/pxsyb/m/n --> U/pxsyb/bx/n on input line 103.
\symsymbolsC=\mathgroup8
LaTeX Font Info:    Overwriting symbol font `symbolsC' in version `bold'
(Font)                  U/pxsyc/m/n --> U/pxsyc/bx/n on input line 113.
LaTeX Font Info:    Redeclaring symbol font `largesymbols' on input line 120.
LaTeX Font Info:    Overwriting symbol font `largesymbols' in version `normal'
(Font)                  OMX/cmex/m/n --> OMX/pxex/m/n on input line 120.
LaTeX Font Info:    Overwriting symbol font `largesymbols' in version `bold'
(Font)                  OMX/cmex/m/n --> OMX/pxex/m/n on input line 120.
LaTeX Font Info:    Overwriting symbol font `largesymbols' in version `bold'
(Font)                  OMX/pxex/m/n --> OMX/pxex/bx/n on input line 121.
\symlargesymbolsA=\mathgroup9
LaTeX Font Info:    Overwriting symbol font `largesymbolsA' in version `bold'
(Font)                  U/pxexa/m/n --> U/pxexa/bx/n on input line 129.
LaTeX Info: Redefining \not on input line 997.
)
("C:\Users\mfsilva\AppData\Local\Programs\MiKTeX 2.9\tex/latex/base\textcomp.st
y"
Package: textcomp 2018/08/11 v2.0j Standard LaTeX package
Package textcomp Info: Sub-encoding information:
(textcomp)               5 = only ISO-Adobe without \textcurrency
(textcomp)               4 = 5 + \texteuro
(textcomp)               3 = 4 + \textohm
(textcomp)               2 = 3 + \textestimated + \textcurrency
(textcomp)               1 = TS1 - \textcircled - \t
(textcomp)               0 = TS1 (full)
(textcomp)             Font families with sub-encoding setting implement
(textcomp)             only a restricted character set as indicated.
(textcomp)             Family '?' is the default used for unknown fonts.
(textcomp)             See the documentation for details.
Package textcomp Info: Setting ? sub-encoding to TS1/1 on input line 79.

("C:\Users\mfsilva\AppData\Local\Programs\MiKTeX 2.9\tex/latex/base\ts1enc.def"
File: ts1enc.def 2001/06/05 v3.0e (jk/car/fm) Standard LaTeX file
Now handling font encoding TS1 ...
... processing UTF-8 mapping file for font encoding TS1
("C:\Users\mfsilva\AppData\Local\Programs\MiKTeX 2.9\tex/latex/base\ts1enc.dfu"
File: ts1enc.dfu 2018/10/05 v1.2f UTF-8 support for inputenc
   defining Unicode char U+00A2 (decimal 162)
   defining Unicode char U+00A3 (decimal 163)
   defining Unicode char U+00A4 (decimal 164)
   defining Unicode char U+00A5 (decimal 165)
   defining Unicode char U+00A6 (decimal 166)
   defining Unicode char U+00A7 (decimal 167)
   defining Unicode char U+00A8 (decimal 168)
   defining Unicode char U+00A9 (decimal 169)
   defining Unicode char U+00AA (decimal 170)
   defining Unicode char U+00AC (decimal 172)
   defining Unicode char U+00AE (decimal 174)
   defining Unicode char U+00AF (decimal 175)
   defining Unicode char U+00B0 (decimal 176)
   defining Unicode char U+00B1 (decimal 177)
   defining Unicode char U+00B2 (decimal 178)
   defining Unicode char U+00B3 (decimal 179)
   defining Unicode char U+00B4 (decimal 180)
   defining Unicode char U+00B5 (decimal 181)
   defining Unicode char U+00B6 (decimal 182)
   defining Unicode char U+00B7 (decimal 183)
   defining Unicode char U+00B9 (decimal 185)
   defining Unicode char U+00BA (decimal 186)
   defining Unicode char U+00BC (decimal 188)
   defining Unicode char U+00BD (decimal 189)
   defining Unicode char U+00BE (decimal 190)
   defining Unicode char U+00D7 (decimal 215)
   defining Unicode char U+00F7 (decimal 247)
   defining Unicode char U+0192 (decimal 402)
   defining Unicode char U+02C7 (decimal 711)
   defining Unicode char U+02D8 (decimal 728)
   defining Unicode char U+02DD (decimal 733)
   defining Unicode char U+0E3F (decimal 3647)
   defining Unicode char U+2016 (decimal 8214)
   defining Unicode char U+2020 (decimal 8224)
   defining Unicode char U+2021 (decimal 8225)
   defining Unicode char U+2022 (decimal 8226)
   defining Unicode char U+2030 (decimal 8240)
   defining Unicode char U+2031 (decimal 8241)
   defining Unicode char U+203B (decimal 8251)
   defining Unicode char U+203D (decimal 8253)
   defining Unicode char U+2044 (decimal 8260)
   defining Unicode char U+204E (decimal 8270)
   defining Unicode char U+2052 (decimal 8274)
   defining Unicode char U+20A1 (decimal 8353)
   defining Unicode char U+20A4 (decimal 8356)
   defining Unicode char U+20A6 (decimal 8358)
   defining Unicode char U+20A9 (decimal 8361)
   defining Unicode char U+20AB (decimal 8363)
   defining Unicode char U+20AC (decimal 8364)
   defining Unicode char U+20B1 (decimal 8369)
   defining Unicode char U+2103 (decimal 8451)
   defining Unicode char U+2116 (decimal 8470)
   defining Unicode char U+2117 (decimal 8471)
   defining Unicode char U+211E (decimal 8478)
   defining Unicode char U+2120 (decimal 8480)
   defining Unicode char U+2122 (decimal 8482)
   defining Unicode char U+2126 (decimal 8486)
   defining Unicode char U+2127 (decimal 8487)
   defining Unicode char U+212E (decimal 8494)
   defining Unicode char U+2190 (decimal 8592)
   defining Unicode char U+2191 (decimal 8593)
   defining Unicode char U+2192 (decimal 8594)
   defining Unicode char U+2193 (decimal 8595)
   defining Unicode char U+2329 (decimal 9001)
   defining Unicode char U+232A (decimal 9002)
   defining Unicode char U+2422 (decimal 9250)
   defining Unicode char U+25E6 (decimal 9702)
   defining Unicode char U+25EF (decimal 9711)
   defining Unicode char U+266A (decimal 9834)
   defining Unicode char U+FEFF (decimal 65279)
))
LaTeX Info: Redefining \oldstylenums on input line 334.
Package textcomp Info: Setting cmr sub-encoding to TS1/0 on input line 349.
Package textcomp Info: Setting cmss sub-encoding to TS1/0 on input line 350.
Package textcomp Info: Setting cmtt sub-encoding to TS1/0 on input line 351.
Package textcomp Info: Setting cmvtt sub-encoding to TS1/0 on input line 352.
Package textcomp Info: Setting cmbr sub-encoding to TS1/0 on input line 353.
Package textcomp Info: Setting cmtl sub-encoding to TS1/0 on input line 354.
Package textcomp Info: Setting ccr sub-encoding to TS1/0 on input line 355.
Package textcomp Info: Setting ptm sub-encoding to TS1/4 on input line 356.
Package textcomp Info: Setting pcr sub-encoding to TS1/4 on input line 357.
Package textcomp Info: Setting phv sub-encoding to TS1/4 on input line 358.
Package textcomp Info: Setting ppl sub-encoding to TS1/3 on input line 359.
Package textcomp Info: Setting pag sub-encoding to TS1/4 on input line 360.
Package textcomp Info: Setting pbk sub-encoding to TS1/4 on input line 361.
Package textcomp Info: Setting pnc sub-encoding to TS1/4 on input line 362.
Package textcomp Info: Setting pzc sub-encoding to TS1/4 on input line 363.
Package textcomp Info: Setting bch sub-encoding to TS1/4 on input line 364.
Package textcomp Info: Setting put sub-encoding to TS1/5 on input line 365.
Package textcomp Info: Setting uag sub-encoding to TS1/5 on input line 366.
Package textcomp Info: Setting ugq sub-encoding to TS1/5 on input line 367.
Package textcomp Info: Setting ul8 sub-encoding to TS1/4 on input line 368.
Package textcomp Info: Setting ul9 sub-encoding to TS1/4 on input line 369.
Package textcomp Info: Setting augie sub-encoding to TS1/5 on input line 370.
Package textcomp Info: Setting dayrom sub-encoding to TS1/3 on input line 371.
Package textcomp Info: Setting dayroms sub-encoding to TS1/3 on input line 372.

Package textcomp Info: Setting pxr sub-encoding to TS1/0 on input line 373.
Package textcomp Info: Setting pxss sub-encoding to TS1/0 on input line 374.
Package textcomp Info: Setting pxtt sub-encoding to TS1/0 on input line 375.
Package textcomp Info: Setting txr sub-encoding to TS1/0 on input line 376.
Package textcomp Info: Setting txss sub-encoding to TS1/0 on input line 377.
Package textcomp Info: Setting txtt sub-encoding to TS1/0 on input line 378.
Package textcomp Info: Setting lmr sub-encoding to TS1/0 on input line 379.
Package textcomp Info: Setting lmdh sub-encoding to TS1/0 on input line 380.
Package textcomp Info: Setting lmss sub-encoding to TS1/0 on input line 381.
Package textcomp Info: Setting lmssq sub-encoding to TS1/0 on input line 382.
Package textcomp Info: Setting lmvtt sub-encoding to TS1/0 on input line 383.
Package textcomp Info: Setting lmtt sub-encoding to TS1/0 on input line 384.
Package textcomp Info: Setting qhv sub-encoding to TS1/0 on input line 385.
Package textcomp Info: Setting qag sub-encoding to TS1/0 on input line 386.
Package textcomp Info: Setting qbk sub-encoding to TS1/0 on input line 387.
Package textcomp Info: Setting qcr sub-encoding to TS1/0 on input line 388.
Package textcomp Info: Setting qcs sub-encoding to TS1/0 on input line 389.
Package textcomp Info: Setting qpl sub-encoding to TS1/0 on input line 390.
Package textcomp Info: Setting qtm sub-encoding to TS1/0 on input line 391.
Package textcomp Info: Setting qzc sub-encoding to TS1/0 on input line 392.
Package textcomp Info: Setting qhvc sub-encoding to TS1/0 on input line 393.
Package textcomp Info: Setting futs sub-encoding to TS1/4 on input line 394.
Package textcomp Info: Setting futx sub-encoding to TS1/4 on input line 395.
Package textcomp Info: Setting futj sub-encoding to TS1/4 on input line 396.
Package textcomp Info: Setting hlh sub-encoding to TS1/3 on input line 397.
Package textcomp Info: Setting hls sub-encoding to TS1/3 on input line 398.
Package textcomp Info: Setting hlst sub-encoding to TS1/3 on input line 399.
Package textcomp Info: Setting hlct sub-encoding to TS1/5 on input line 400.
Package textcomp Info: Setting hlx sub-encoding to TS1/5 on input line 401.
Package textcomp Info: Setting hlce sub-encoding to TS1/5 on input line 402.
Package textcomp Info: Setting hlcn sub-encoding to TS1/5 on input line 403.
Package textcomp Info: Setting hlcw sub-encoding to TS1/5 on input line 404.
Package textcomp Info: Setting hlcf sub-encoding to TS1/5 on input line 405.
Package textcomp Info: Setting pplx sub-encoding to TS1/3 on input line 406.
Package textcomp Info: Setting pplj sub-encoding to TS1/3 on input line 407.
Package textcomp Info: Setting ptmx sub-encoding to TS1/4 on input line 408.
Package textcomp Info: Setting ptmj sub-encoding to TS1/4 on input line 409.
)
("C:\Users\mfsilva\AppData\Local\Programs\MiKTeX 2.9\tex/latex/jknappen\mathrsf
s.sty"
Package: mathrsfs 1996/01/01 Math RSFS package v1.0 (jk)
\symrsfs=\mathgroup10
)
("C:\Users\mfsilva\AppData\Local\Programs\MiKTeX 2.9\tex/latex/wasysym\wasysym.
sty"
Package: wasysym 2003/10/30 v2.0 Wasy-2 symbol support package
\symwasy=\mathgroup11
LaTeX Font Info:    Overwriting symbol font `wasy' in version `bold'
(Font)                  U/wasy/m/n --> U/wasy/b/n on input line 90.
)
("C:\Users\mfsilva\AppData\Local\Programs\MiKTeX 2.9\tex/latex/ulem\ulem.sty"
\UL@box=\box32
\UL@hyphenbox=\box33
\UL@skip=\skip53
\UL@hook=\toks26
\UL@height=\dimen133
\UL@pe=\count113
\UL@pixel=\dimen134
\ULC@box=\box34
Package: ulem 2012/05/18
\ULdepth=\dimen135
)
("C:\Users\mfsilva\AppData\Local\Programs\MiKTeX 2.9\tex/latex/hyperref\hyperre
f.sty"
Package: hyperref 2018/11/30 v6.88e Hypertext links for LaTeX

("C:\Users\mfsilva\AppData\Local\Programs\MiKTeX 2.9\tex/generic/oberdiek\hobsu
b-hyperref.sty"
Package: hobsub-hyperref 2016/05/16 v1.14 Bundle oberdiek, subset hyperref (HO)


("C:\Users\mfsilva\AppData\Local\Programs\MiKTeX 2.9\tex/generic/oberdiek\hobsu
b-generic.sty"
Package: hobsub-generic 2016/05/16 v1.14 Bundle oberdiek, subset generic (HO)
Package: hobsub 2016/05/16 v1.14 Construct package bundles (HO)
Package hobsub Info: Skipping package `infwarerr' (already loaded).
Package hobsub Info: Skipping package `ltxcmds' (already loaded).
Package: ifluatex 2016/05/16 v1.4 Provides the ifluatex switch (HO)
Package ifluatex Info: LuaTeX not detected.
Package: ifvtex 2016/05/16 v1.6 Detect VTeX and its facilities (HO)
Package ifvtex Info: VTeX not detected.
Package: intcalc 2016/05/16 v1.2 Expandable calculations with integers (HO)
Package hobsub Info: Skipping package `ifpdf' (already loaded).
Package: etexcmds 2016/05/16 v1.6 Avoid name clashes with e-TeX commands (HO)
Package: kvsetkeys 2016/05/16 v1.17 Key value parser (HO)
Package: kvdefinekeys 2016/05/16 v1.4 Define keys (HO)
Package: pdftexcmds 2018/09/10 v0.29 Utility functions of pdfTeX for LuaTeX (HO
)
Package pdftexcmds Info: LuaTeX not detected.
Package pdftexcmds Info: \pdf@primitive is available.
Package pdftexcmds Info: \pdf@ifprimitive is available.
Package pdftexcmds Info: \pdfdraftmode found.
Package: pdfescape 2016/05/16 v1.14 Implements pdfTeX's escape features (HO)
Package: bigintcalc 2016/05/16 v1.4 Expandable calculations on big integers (HO
)
Package: bitset 2016/05/16 v1.2 Handle bit-vector datatype (HO)
Package: uniquecounter 2016/05/16 v1.3 Provide unlimited unique counter (HO)
)
Package hobsub Info: Skipping package `hobsub' (already loaded).
Package: letltxmacro 2016/05/16 v1.5 Let assignment for LaTeX macros (HO)
Package: hopatch 2016/05/16 v1.3 Wrapper for package hooks (HO)
Package: xcolor-patch 2016/05/16 xcolor patch
Package: atveryend 2016/05/16 v1.9 Hooks at the very end of document (HO)
Package atveryend Info: \enddocument detected (standard20110627).
Package hobsub Info: Skipping package `atbegshi' (already loaded).
Package: refcount 2016/05/16 v3.5 Data extraction from label references (HO)
Package: hycolor 2016/05/16 v1.8 Color options for hyperref/bookmark (HO)
)
("C:\Users\mfsilva\AppData\Local\Programs\MiKTeX 2.9\tex/generic/ifxetex\ifxete
x.sty"
Package: ifxetex 2010/09/12 v0.6 Provides ifxetex conditional
)
("C:\Users\mfsilva\AppData\Local\Programs\MiKTeX 2.9\tex/latex/oberdiek\auxhook
.sty"
Package: auxhook 2016/05/16 v1.4 Hooks for auxiliary files (HO)
)
("C:\Users\mfsilva\AppData\Local\Programs\MiKTeX 2.9\tex/latex/oberdiek\kvoptio
ns.sty"
Package: kvoptions 2016/05/16 v3.12 Key value format for package options (HO)
)
\@linkdim=\dimen136
\Hy@linkcounter=\count114
\Hy@pagecounter=\count115

("C:\Users\mfsilva\AppData\Local\Programs\MiKTeX 2.9\tex/latex/hyperref\pd1enc.
def"
File: pd1enc.def 2018/11/30 v6.88e Hyperref: PDFDocEncoding definition (HO)
Now handling font encoding PD1 ...
... no UTF-8 mapping file for font encoding PD1
)
\Hy@SavedSpaceFactor=\count116

("C:\Users\mfsilva\AppData\Local\Programs\MiKTeX 2.9\tex/latex/00miktex\hyperre
f.cfg"
File: hyperref.cfg 2002/06/06 v1.2 hyperref configuration of TeXLive
)
Package hyperref Info: Option `colorlinks' set `true' on input line 4393.


Package hyperref Warning: Option `a4paper' is no longer used.

Package hyperref Info: Option `breaklinks' set `true' on input line 4393.
Package hyperref Info: Hyper figures OFF on input line 4519.
Package hyperref Info: Link nesting OFF on input line 4524.
Package hyperref Info: Hyper index ON on input line 4527.
Package hyperref Info: Plain pages OFF on input line 4534.
Package hyperref Info: Backreferencing OFF on input line 4539.
Package hyperref Info: Implicit mode ON; LaTeX internals redefined.
Package hyperref Info: Bookmarks ON on input line 4772.
\c@Hy@tempcnt=\count117
LaTeX Info: Redefining \url on input line 5125.
\XeTeXLinkMargin=\dimen137
\Fld@menulength=\count118
\Field@Width=\dimen138
\Fld@charsize=\dimen139
Package hyperref Info: Hyper figures OFF on input line 6380.
Package hyperref Info: Link nesting OFF on input line 6385.
Package hyperref Info: Hyper index ON on input line 6388.
Package hyperref Info: backreferencing OFF on input line 6395.
Package hyperref Info: Link coloring ON on input line 6398.
Package hyperref Info: Link coloring with OCG OFF on input line 6405.
Package hyperref Info: PDF/A mode OFF on input line 6410.
LaTeX Info: Redefining \ref on input line 6450.
LaTeX Info: Redefining \pageref on input line 6454.
\Hy@abspage=\count119
\c@Item=\count120
\c@Hfootnote=\count121
)
Package hyperref Info: Driver (autodetected): hpdftex.

("C:\Users\mfsilva\AppData\Local\Programs\MiKTeX 2.9\tex/latex/hyperref\hpdftex
.def"
File: hpdftex.def 2018/11/30 v6.88e Hyperref driver for pdfTeX
\Fld@listcount=\count122
\c@bookmark@seq@number=\count123

("C:\Users\mfsilva\AppData\Local\Programs\MiKTeX 2.9\tex/latex/oberdiek\rerunfi
lecheck.sty"
Package: rerunfilecheck 2016/05/16 v1.8 Rerun checks for auxiliary files (HO)
Package uniquecounter Info: New unique counter `rerunfilecheck' on input line 2
82.
)
\Hy@SectionHShift=\skip54
)
("C:\Users\mfsilva\AppData\Local\Programs\MiKTeX 2.9\tex/latex/tools\indentfirs
t.sty"
Package: indentfirst 1995/11/23 v1.03 Indent first paragraph (DPC)
)
("C:\Users\mfsilva\AppData\Local\Programs\MiKTeX 2.9\tex/latex/setspace\setspac
e.sty"
Package: setspace 2011/12/19 v6.7a set line spacing
)
("C:\Users\mfsilva\AppData\Local\Programs\MiKTeX 2.9\tex/latex/geometry\geometr
y.sty"
Package: geometry 2018/04/16 v5.8 Page Geometry
\Gm@cnth=\count124
\Gm@cntv=\count125
\c@Gm@tempcnt=\count126
\Gm@bindingoffset=\dimen140
\Gm@wd@mp=\dimen141
\Gm@odd@mp=\dimen142
\Gm@even@mp=\dimen143
\Gm@layoutwidth=\dimen144
\Gm@layoutheight=\dimen145
\Gm@layouthoffset=\dimen146
\Gm@layoutvoffset=\dimen147
\Gm@dimlist=\toks27

("C:\Users\mfsilva\AppData\Local\Programs\MiKTeX 2.9\tex/latex/geometry\geometr
y.cfg"))
("C:\Users\mfsilva\AppData\Local\Programs\MiKTeX 2.9\tex/latex/fancyhdr\fancyhd
r.sty"
Package: fancyhdr 2019/01/31 v3.10 Extensive control of page headers and footer
s
\f@nch@headwidth=\skip55
\f@nch@O@elh=\skip56
\f@nch@O@erh=\skip57
\f@nch@O@olh=\skip58
\f@nch@O@orh=\skip59
\f@nch@O@elf=\skip60
\f@nch@O@erf=\skip61
\f@nch@O@olf=\skip62
\f@nch@O@orf=\skip63
)
("C:\Users\mfsilva\AppData\Local\Programs\MiKTeX 2.9\tex/latex/caption\caption.
sty"
Package: caption 2018/10/06 v3.3-154 Customizing captions (AR)

("C:\Users\mfsilva\AppData\Local\Programs\MiKTeX 2.9\tex/latex/caption\caption3
.sty"
Package: caption3 2018/09/12 v1.8c caption3 kernel (AR)
Package caption3 Info: TeX engine: e-TeX on input line 64.
\captionmargin=\dimen148
\captionmargin@=\dimen149
\captionwidth=\dimen150
\caption@tempdima=\dimen151
\caption@indent=\dimen152
\caption@parindent=\dimen153
\caption@hangindent=\dimen154
)
\c@caption@flags=\count127
\c@ContinuedFloat=\count128
Package caption Info: hyperref package is loaded.
Package caption Info: rotating package is loaded.
)
("C:\Users\mfsilva\AppData\Local\Programs\MiKTeX 2.9\tex/latex/listings\listing
s.sty"
\lst@mode=\count129
\lst@gtempboxa=\box35
\lst@token=\toks28
\lst@length=\count130
\lst@currlwidth=\dimen155
\lst@column=\count131
\lst@pos=\count132
\lst@lostspace=\dimen156
\lst@width=\dimen157
\lst@newlines=\count133
\lst@lineno=\count134
\lst@maxwidth=\dimen158

("C:\Users\mfsilva\AppData\Local\Programs\MiKTeX 2.9\tex/latex/listings\lstmisc
.sty"
File: lstmisc.sty 2019/02/27 1.8b (Carsten Heinz)
\c@lstnumber=\count135
\lst@skipnumbers=\count136
\lst@framebox=\box36
)
("C:\Users\mfsilva\AppData\Local\Programs\MiKTeX 2.9\tex/latex/listings\listing
s.cfg"
File: listings.cfg 2019/02/27 1.8b listings configuration
))
Package: listings 2019/02/27 1.8b (Carsten Heinz)

("C:\Users\mfsilva\AppData\Local\Programs\MiKTeX 2.9\tex/latex/eepic\epic.sty"
Enhancements to Picture Environment. Version 1.2 - Released June 1, 1986
\@@multicnt=\count137
\d@lta=\count138
\@delta=\dimen159
\@@delta=\dimen160
\@gridcnt=\count139
\@joinkind=\count140
\@dotgap=\dimen161
\@ddotgap=\dimen162
\@x@diff=\count141
\@y@diff=\count142
\x@diff=\dimen163
\y@diff=\dimen164
\@dotbox=\box37
\num@segments=\count143
\num@segmentsi=\count144
\@datafile=\read1
) ("C:\Users\mfsilva\AppData\Local\Programs\MiKTeX 2.9\tex/latex/float\float.st
y"
Package: float 2001/11/08 v1.3d Float enhancements (AL)
\c@float@type=\count145
\float@exts=\toks29
\float@box=\box38
\@float@everytoks=\toks30
\@floatcapt=\box39
)
("C:\Users\mfsilva\AppData\Local\Programs\MiKTeX 2.9\tex/latex/multirow\multiro
w.sty"
Package: multirow 2019/01/01 v2.4 Span multiple rows of a table
\multirow@colwidth=\skip64
\multirow@cntb=\count146
\multirow@dima=\skip65
\bigstrutjot=\dimen165
)
("C:\Users\mfsilva\AppData\Local\Programs\MiKTeX 2.9\tex/latex/graphics\lscape.
sty"
Package: lscape 2000/10/22 v3.01 Landscape Pages (DPC)
)
("C:\Users\mfsilva\AppData\Local\Programs\MiKTeX 2.9\tex/latex/adjustbox\adjust
box.sty"
Package: adjustbox 2019/01/04 v1.2 Adjusting TeX boxes (trim, clip, ...)

("C:\Users\mfsilva\AppData\Local\Programs\MiKTeX 2.9\tex/latex/xkeyval\xkeyval.
sty"
Package: xkeyval 2014/12/03 v2.7a package option processing (HA)

("C:\Users\mfsilva\AppData\Local\Programs\MiKTeX 2.9\tex/generic/xkeyval\xkeyva
l.tex"
("C:\Users\mfsilva\AppData\Local\Programs\MiKTeX 2.9\tex/generic/xkeyval\xkvuti
ls.tex"
\XKV@toks=\toks31
\XKV@tempa@toks=\toks32
)
\XKV@depth=\count147
File: xkeyval.tex 2014/12/03 v2.7a key=value parser (HA)
))
("C:\Users\mfsilva\AppData\Local\Programs\MiKTeX 2.9\tex/latex/adjustbox\adjcal
c.sty"
Package: adjcalc 2012/05/16 v1.1 Provides advanced setlength with multiple back
-ends (calc, etex, pgfmath)
)
("C:\Users\mfsilva\AppData\Local\Programs\MiKTeX 2.9\tex/latex/adjustbox\trimcl
ip.sty"
Package: trimclip 2018/04/08 v1.1 Trim and clip general TeX material

("C:\Users\mfsilva\AppData\Local\Programs\MiKTeX 2.9\tex/latex/collectbox\colle
ctbox.sty"
Package: collectbox 2012/05/17 v0.4b Collect macro arguments as boxes
\collectedbox=\box40
)
\tc@llx=\dimen166
\tc@lly=\dimen167
\tc@urx=\dimen168
\tc@ury=\dimen169
Package trimclip Info: Using driver 'tc-pdftex.def'.

("C:\Users\mfsilva\AppData\Local\Programs\MiKTeX 2.9\tex/latex/adjustbox\tc-pdf
tex.def"
File: tc-pdftex.def 2019/01/04 v2.2 Clipping driver for pdftex
))
\adjbox@Width=\dimen170
\adjbox@Height=\dimen171
\adjbox@Depth=\dimen172
\adjbox@Totalheight=\dimen173
\adjbox@pwidth=\dimen174
\adjbox@pheight=\dimen175
\adjbox@pdepth=\dimen176
\adjbox@ptotalheight=\dimen177

("C:\Users\mfsilva\AppData\Local\Programs\MiKTeX 2.9\tex/latex/ifoddpage\ifoddp
age.sty"
Package: ifoddpage 2016/04/23 v1.1 Conditionals for odd/even page detection
\c@checkoddpage=\count148
)
("C:\Users\mfsilva\AppData\Local\Programs\MiKTeX 2.9\tex/latex/varwidth\varwidt
h.sty"
Package: varwidth 2009/03/30 ver 0.92;  Variable-width minipages
\@vwid@box=\box41
\sift@deathcycles=\count149
\@vwid@loff=\dimen178
\@vwid@roff=\dimen179
))) (PIM-Toten-Sem-1.aux (preTextual/capa.aux)
(preTextual/folhaDeRosto.aux) (preTextual/abreviacoes.aux)
(preTextual/sumario.aux) (textual/1-introducao.aux) (textual/2-objetivos.aux)
(textual/3-referencialTeorico.aux) (textual/4-solucaoTecnica.aux)
(textual/5-consideracoesFinais.aux))
\openout1 = `PIM-Toten-Sem-1.aux'.

LaTeX Font Info:    Checking defaults for OML/pxmi/m/it on input line 3.
LaTeX Font Info:    Try loading font information for OML+pxmi on input line 3.

("C:\Users\mfsilva\AppData\Local\Programs\MiKTeX 2.9\tex/latex/pxfonts\omlpxmi.
fd"
File: omlpxmi.fd 2000/12/14 v1.0
)
LaTeX Font Info:    ... okay on input line 3.
LaTeX Font Info:    Checking defaults for T1/cmr/m/n on input line 3.
LaTeX Font Info:    ... okay on input line 3.
LaTeX Font Info:    Checking defaults for OT1/cmr/m/n on input line 3.
LaTeX Font Info:    ... okay on input line 3.
LaTeX Font Info:    Checking defaults for OMS/pxsy/m/n on input line 3.
LaTeX Font Info:    Try loading font information for OMS+pxsy on input line 3.

("C:\Users\mfsilva\AppData\Local\Programs\MiKTeX 2.9\tex/latex/pxfonts\omspxsy.
fd"
File: omspxsy.fd 2000/12/14 v1.0
)
LaTeX Font Info:    ... okay on input line 3.
LaTeX Font Info:    Checking defaults for OMX/pxex/m/n on input line 3.
LaTeX Font Info:    Try loading font information for OMX+pxex on input line 3.

("C:\Users\mfsilva\AppData\Local\Programs\MiKTeX 2.9\tex/latex/pxfonts\omxpxex.
fd"
File: omxpxex.fd 2000/12/14 v1.0
)
LaTeX Font Info:    ... okay on input line 3.
LaTeX Font Info:    Checking defaults for U/pxexa/m/n on input line 3.
LaTeX Font Info:    Try loading font information for U+pxexa on input line 3.

("C:\Users\mfsilva\AppData\Local\Programs\MiKTeX 2.9\tex/latex/pxfonts\upxexa.f
d"
File: upxexa.fd 2000/12/14 v1.0
)
LaTeX Font Info:    ... okay on input line 3.
LaTeX Font Info:    Checking defaults for TS1/cmr/m/n on input line 3.
LaTeX Font Info:    Try loading font information for TS1+cmr on input line 3.

("C:\Users\mfsilva\AppData\Local\Programs\MiKTeX 2.9\tex/latex/base\ts1cmr.fd"
File: ts1cmr.fd 2014/09/29 v2.5h Standard LaTeX font definitions
)
LaTeX Font Info:    ... okay on input line 3.
LaTeX Font Info:    Checking defaults for PD1/pdf/m/n on input line 3.
LaTeX Font Info:    ... okay on input line 3.
LaTeX Font Info:    Try loading font information for T1+pxss on input line 3.

("C:\Users\mfsilva\AppData\Local\Programs\MiKTeX 2.9\tex/latex/pxfonts\t1pxss.f
d"
File: t1pxss.fd 2000/12/14 v1.0
)
babelbib: Set bibliography fall-back language to portuguese

("C:\Users\mfsilva\AppData\Local\Programs\MiKTeX 2.9\tex/latex/babelbib\english
.bdf"
File: english.bdf 2019/03/11 v1.32 babelbib: multilingual bibliographies (HH)

babelbib extension \btxifchangecaseon added to \extrasenglish
)
("C:\Users\mfsilva\AppData\Local\Programs\MiKTeX 2.9\tex/latex/babelbib\portugu
ese.bdf"
File: portuguese.bdf 2019/03/11 v1.32 babelbib: multilingual bibliographies (HH
)

babelbib extension \btxifchangecaseoff added to \extrasportuguese
)
babelbib: Load BibTeX extensions \bibsportuguese for portuguese
babelbib: Set language for keywords in the bibliography fixed to portuguese
babelbib: Set language for keywords in the bibliography fixed to portuguese

("C:\Users\mfsilva\AppData\Local\Programs\MiKTeX 2.9\tex/context/base/mkii\supp
-pdf.mkii"
[Loading MPS to PDF converter (version 2006.09.02).]
\scratchcounter=\count150
\scratchdimen=\dimen180
\scratchbox=\box42
\nofMPsegments=\count151
\nofMParguments=\count152
\everyMPshowfont=\toks33
\MPscratchCnt=\count153
\MPscratchDim=\dimen181
\MPnumerator=\count154
\makeMPintoPDFobject=\count155
\everyMPtoPDFconversion=\toks34
)
("C:\Users\mfsilva\AppData\Local\Programs\MiKTeX 2.9\tex/latex/oberdiek\epstopd
f-base.sty"
Package: epstopdf-base 2016/05/15 v2.6 Base part for package epstopdf

("C:\Users\mfsilva\AppData\Local\Programs\MiKTeX 2.9\tex/latex/oberdiek\grfext.
sty"
Package: grfext 2016/05/16 v1.2 Manage graphics extensions (HO)
)
Package epstopdf-base Info: Redefining graphics rule for `.eps' on input line 4
38.
Package grfext Info: Graphics extension search list:
(grfext)             [.pdf,.png,.jpg,.mps,.jpeg,.jbig2,.jb2,.PDF,.PNG,.JPG,.JPE
G,.JBIG2,.JB2,.eps]
(grfext)             \AppendGraphicsExtensions on input line 456.
)
\AtBeginShipoutBox=\box43

("C:\Users\mfsilva\AppData\Local\Programs\MiKTeX 2.9\tex/latex/oberdiek\pdflsca
pe.sty"
Package: pdflscape 2016/05/14 v0.11 Display of landscape pages in PDF (HO)
Package pdflscape Info: Auto-detected driver: pdftex on input line 81.
)
Package hyperref Info: Link coloring ON on input line 3.

("C:\Users\mfsilva\AppData\Local\Programs\MiKTeX 2.9\tex/latex/hyperref\nameref
.sty"
Package: nameref 2016/05/21 v2.44 Cross-referencing by name of section

("C:\Users\mfsilva\AppData\Local\Programs\MiKTeX 2.9\tex/generic/oberdiek\getti
tlestring.sty"
Package: gettitlestring 2016/05/16 v1.5 Cleanup title references (HO)
)
\c@section@level=\count156
)
LaTeX Info: Redefining \ref on input line 3.
LaTeX Info: Redefining \pageref on input line 3.
LaTeX Info: Redefining \nameref on input line 3.
 (PIM-Toten-Sem-1.out) (PIM-Toten-Sem-1.out)
\@outlinefile=\write3
\openout3 = `PIM-Toten-Sem-1.out'.


*geometry* driver: auto-detecting
*geometry* detected driver: pdftex
*geometry* verbose mode - [ preamble ] result:
* driver: pdftex
* paper: a4paper
* layout: <same size as paper>
* layoutoffset:(h,v)=(0.0pt,0.0pt)
* modes: 
* h-part:(L,W,R)=(85.35826pt, 455.24411pt, 56.9055pt)
* v-part:(T,H,B)=(85.35826pt, 702.78308pt, 56.9055pt)
* \paperwidth=597.50787pt
* \paperheight=845.04684pt
* \textwidth=455.24411pt
* \textheight=702.78308pt
* \oddsidemargin=13.08827pt
* \evensidemargin=13.08827pt
* \topmargin=-23.91173pt
* \headheight=12.0pt
* \headsep=25.0pt
* \topskip=12.0pt
* \footskip=30.0pt
* \marginparwidth=35.0pt
* \marginparsep=10.0pt
* \columnsep=10.0pt
* \skip\footins=10.8pt plus 4.0pt minus 2.0pt
* \hoffset=0.0pt
* \voffset=0.0pt
* \mag=1000
* \@twocolumnfalse
* \@twosidefalse
* \@mparswitchfalse
* \@reversemarginfalse
* (1in=72.27pt=25.4mm, 1cm=28.453pt)

Package caption Info: Begin \AtBeginDocument code.
Package caption Info: float package is loaded.
Package caption Info: listings package is loaded.
Package caption Info: End \AtBeginDocument code.
\c@lstlisting=\count157
\openout2 = `preTextual/capa.aux'.

(preTextual/capa.tex
LaTeX Font Info:    Try loading font information for OT1+pxr on input line 7.

("C:\Users\mfsilva\AppData\Local\Programs\MiKTeX 2.9\tex/latex/pxfonts\ot1pxr.f
d"
File: ot1pxr.fd 2000/12/14 v1.0
)
LaTeX Font Info:    Try loading font information for U+pxsya on input line 7.

("C:\Users\mfsilva\AppData\Local\Programs\MiKTeX 2.9\tex/latex/pxfonts\upxsya.f
d"
File: upxsya.fd 2000/12/14 v1.0
)
LaTeX Font Info:    Try loading font information for U+pxsyb on input line 7.

("C:\Users\mfsilva\AppData\Local\Programs\MiKTeX 2.9\tex/latex/pxfonts\upxsyb.f
d"
File: utxsyb.fd 2000/12/14 v1.0
)
LaTeX Font Info:    Try loading font information for U+pxmia on input line 7.

("C:\Users\mfsilva\AppData\Local\Programs\MiKTeX 2.9\tex/latex/pxfonts\upxmia.f
d"
File: upxmia.fd 2000/12/14 v1.0
)
LaTeX Font Info:    Try loading font information for U+pxsyc on input line 7.

("C:\Users\mfsilva\AppData\Local\Programs\MiKTeX 2.9\tex/latex/pxfonts\upxsyc.f
d"
File: upxsyc.fd 2000/12/14 v1.0
)
LaTeX Font Info:    Try loading font information for U+rsfs on input line 7.

("C:\Users\mfsilva\AppData\Local\Programs\MiKTeX 2.9\tex/latex/jknappen\ursfs.f
d"
File: ursfs.fd 1998/03/24 rsfs font definition file (jk)
)
LaTeX Font Info:    Try loading font information for U+wasy on input line 7.

("C:\Users\mfsilva\AppData\Local\Programs\MiKTeX 2.9\tex/latex/wasysym\uwasy.fd
"
File: uwasy.fd 2003/10/30 v2.0 Wasy-2 symbol font definitions
) [1




{C:/Users/mfsilva/AppData/Local/MiKTeX/2.9/pdftex/config/pdftex.map}])
\openout2 = `preTextual/folhaDeRosto.aux'.


(preTextual/folhaDeRosto.tex
Underfull \hbox (badness 10000) in paragraph at lines 10--11

 []


Underfull \hbox (badness 10000) in paragraph at lines 12--13

 []

[2


])
\openout2 = `preTextual/abreviacoes.aux'.

 (preTextual/abreviacoes.tex [1


])
\openout2 = `preTextual/sumario.aux'.

 (preTextual/sumario.tex
(PIM-Toten-Sem-1.toc)
\tf@toc=\write4
\openout4 = `PIM-Toten-Sem-1.toc'.

 [2


])
\openout2 = `textual/1-introducao.aux'.

 (textual/1-introducao.tex [5



] [6])
\openout2 = `textual/2-objetivos.aux'.


(textual/2-objetivos.tex [7


])
\openout2 = `textual/3-referencialTeorico.aux'.

 (textual/3-referencialTeorico.tex [8


])
\openout2 = `textual/4-solucaoTecnica.aux'.


(textual/4-solucaoTecnica.tex [9


])
\openout2 = `textual/5-consideracoesFinais.aux'.

 (textual/5-consideracoesFinais.tex [10


])
(PIM-Toten-Sem-1.bbl
LaTeX Font Info:    Font shape `T1/pxss/m/it' in size <12> not available
(Font)              Font shape `T1/pxss/m/sl' tried instead on input line 18.
LaTeX Font Info:    Try loading font information for T1+pxtt on input line 26.

("C:\Users\mfsilva\AppData\Local\Programs\MiKTeX 2.9\tex/latex/pxfonts\t1pxtt.f
d"
File: t1pxtt.fd 2000/12/14 v1.0
)
Underfull \hbox (badness 10000) in paragraph at lines 38--44
\T1/pxtt/m/n/12 com . br / sites / default / files / Pesquisa % 20de % 20Caract
eriza % C3 % A7 % C3 % A3o %
 []


Underfull \hbox (badness 10000) in paragraph at lines 38--44
\T1/pxtt/m/n/12 20Socioecon % C3 % B4mica % 20dos % 20Usu % C3 % A1rios % 20e %
 20seus % 20H % C3 % A1bitos %
 []


Underfull \hbox (badness 10000) in paragraph at lines 59--65
\T1/pxtt/m/n/12 blog / politicas -[] para -[] mulheres -[] tem -[] orcamento -[
] reforcado -[] com -[] proposta -[] de -[]
 []

)
Package atveryend Info: Empty hook `BeforeClearDocument' on input line 24.
 [11

]
Package atveryend Info: Empty hook `AfterLastShipout' on input line 24.
 (PIM-Toten-Sem-1.aux (preTextual/capa.aux) (preTextual/folhaDeRosto.aux) (preT
extual/abreviacoes.aux) (preTextual/sumario.aux)
(textual/1-introducao.aux) (textual/2-objetivos.aux)
(textual/3-referencialTeorico.aux) (textual/4-solucaoTecnica.aux)
(textual/5-consideracoesFinais.aux))
Package atveryend Info: Executing hook `AtVeryEndDocument' on input line 24.
Package atveryend Info: Executing hook `AtEndAfterFileList' on input line 24.
Package rerunfilecheck Info: File `PIM-Toten-Sem-1.out' has not changed.
(rerunfilecheck)             Checksum: A85B00E55C3D7096DF3FEA0AD521E0FC;837.
Package atveryend Info: Empty hook `AtVeryVeryEnd' on input line 24.
 ) 
Here is how much of TeX's memory you used:
 14496 strings out of 492945
 219609 string characters out of 3125365
 328921 words of memory out of 3000000
 17966 multiletter control sequences out of 15000+200000
 34120 words of font info for 71 fonts, out of 3000000 for 9000
 1141 hyphenation exceptions out of 8191
 41i,6n,45p,965b,352s stack positions out of 5000i,500n,10000p,200000b,50000s
{C:/Users/mfsilva/AppData/Local/Programs/MiKTeX 2.9/fonts/enc/dvips/base/8r.e
nc}<C:/Users/mfsilva/AppData/Local/Programs/MiKTeX 2.9/fonts/type1/public/txfon
ts/t1xtt.pfb><C:/Users/mfsilva/AppData/Local/Programs/MiKTeX 2.9/fonts/type1/ur
w/helvetic/uhvb8a.pfb><C:/Users/mfsilva/AppData/Local/Programs/MiKTeX 2.9/fonts
/type1/urw/helvetic/uhvr8a.pfb><C:/Users/mfsilva/AppData/Local/Programs/MiKTeX 
2.9/fonts/type1/urw/helvetic/uhvr8a.pfb>
Output written on PIM-Toten-Sem-1.pdf (11 pages, 76321 bytes).
PDF statistics:
 187 PDF objects out of 1000 (max. 8388607)
 41 named destinations out of 1000 (max. 500000)
 97 words of extra memory for PDF output out of 10000 (max. 10000000)

